TN:
SF:client/src/components/product-overview/content-panel/header/Breadcrumb.jsx
FN:10,Breadcrumb
FNF:1
FNH:1
FNDA:1,Breadcrumb
DA:1,1
DA:2,1
DA:3,1
DA:4,1
DA:5,1
DA:6,1
DA:7,1
DA:8,1
DA:9,1
DA:10,1
DA:11,1
DA:12,1
DA:13,1
DA:14,1
LF:14
LH:14
BRDA:10,0,0,1
BRF:1
BRH:1
end_of_record
TN:
SF:client/src/components/product-overview/content-panel/header/Title.jsx
FN:9,Title
FNF:1
FNH:1
FNDA:2,Title
DA:1,1
DA:2,1
DA:3,1
DA:4,1
DA:5,1
DA:6,1
DA:7,1
DA:8,1
DA:9,2
DA:10,2
DA:11,2
DA:12,2
DA:13,2
DA:14,2
DA:15,2
DA:16,1
DA:17,1
LF:17
LH:17
BRDA:9,0,0,2
BRF:1
BRH:1
end_of_record
